<?xml version="1.0" encoding="UTF-8"?>
<!-- Generated by org.testng.reporters.JUnitReportReporter -->
<testsuite hostname="LAPTOP-5V4IICLA" failures="0" tests="1" name="sql.testScript.alerthandlingTest" time="30.168" errors="0" timestamp="2023-01-09T20:43:59 IST" skipped="0">
  <testcase classname="sql.testScript.alerthandlingTest" name="handlealert" time="30.168"/>
  <system-out/>
</testsuite> <!-- sql.testScript.alerthandlingTest -->
