<?xml version="1.0" encoding="UTF-8"?>
<!-- Generated by org.testng.reporters.JUnitReportReporter -->
<testsuite hostname="LAPTOP-5V4IICLA" failures="0" tests="1" name="sql.testScript.dropdownhandleTest" time="16.801" errors="0" timestamp="2023-01-09T23:41:46 IST" skipped="0">
  <testcase classname="sql.testScript.dropdownhandleTest" name="handledropdown" time="16.801"/>
  <system-out/>
</testsuite> <!-- sql.testScript.dropdownhandleTest -->
